2024-09-05T01:05:12.705+02:00  WARN 15392 --- [fitness-spring] [HikariPool-1 housekeeper] com.zaxxer.hikari.pool.HikariPool        : HikariPool-1 - Thread starvation or clock leap detected (housekeeper delta=3h29s68ms793µs100ns).
2024-09-05T07:47:00.304+02:00  WARN 15392 --- [fitness-spring] [HikariPool-1 housekeeper] com.zaxxer.hikari.pool.HikariPool        : HikariPool-1 - Thread starvation or clock leap detected (housekeeper delta=6h41m53s555ms965µs600ns).
2024-09-05T08:37:48.312+02:00  INFO 9260 --- [fitness-spring] [restartedMain] c.e.f.FitnessSpringApplication           : Starting FitnessSpringApplication using Java 22.0.1 with PID 9260 (C:\Users\andjela.dragosavljev\Documents\GitHub\fitness-spring\target\classes started by andjela.dragosavljev in C:\Users\andjela.dragosavljev\Documents\GitHub\fitness-spring)
2024-09-05T08:37:48.314+02:00 DEBUG 9260 --- [fitness-spring] [restartedMain] c.e.f.FitnessSpringApplication           : Running with Spring Boot v3.2.3, Spring v6.1.4
2024-09-05T08:37:48.315+02:00  INFO 9260 --- [fitness-spring] [restartedMain] c.e.f.FitnessSpringApplication           : No active profile set, falling back to 1 default profile: "default"
2024-09-05T08:37:48.383+02:00  INFO 9260 --- [fitness-spring] [restartedMain] .e.DevToolsPropertyDefaultsPostProcessor : Devtools property defaults active! Set 'spring.devtools.add-properties' to 'false' to disable
2024-09-05T08:37:48.383+02:00  INFO 9260 --- [fitness-spring] [restartedMain] .e.DevToolsPropertyDefaultsPostProcessor : For additional web related logging consider setting the 'logging.level.web' property to 'DEBUG'
2024-09-05T08:37:51.538+02:00  INFO 9260 --- [fitness-spring] [restartedMain] .s.d.r.c.RepositoryConfigurationDelegate : Bootstrapping Spring Data JPA repositories in DEFAULT mode.
2024-09-05T08:37:52.022+02:00  INFO 9260 --- [fitness-spring] [restartedMain] .s.d.r.c.RepositoryConfigurationDelegate : Finished Spring Data repository scanning in 467 ms. Found 9 JPA repository interfaces.
2024-09-05T08:37:53.598+02:00  INFO 9260 --- [fitness-spring] [restartedMain] o.s.b.w.embedded.tomcat.TomcatWebServer  : Tomcat initialized with port 8080 (http)
2024-09-05T08:37:53.615+02:00  INFO 9260 --- [fitness-spring] [restartedMain] o.apache.catalina.core.StandardService   : Starting service [Tomcat]
2024-09-05T08:37:53.617+02:00  INFO 9260 --- [fitness-spring] [restartedMain] o.apache.catalina.core.StandardEngine    : Starting Servlet engine: [Apache Tomcat/10.1.19]
2024-09-05T08:37:53.698+02:00  INFO 9260 --- [fitness-spring] [restartedMain] o.a.c.c.C.[Tomcat].[localhost].[/]       : Initializing Spring embedded WebApplicationContext
2024-09-05T08:37:53.698+02:00  INFO 9260 --- [fitness-spring] [restartedMain] w.s.c.ServletWebServerApplicationContext : Root WebApplicationContext: initialization completed in 5314 ms
2024-09-05T08:37:53.905+02:00  INFO 9260 --- [fitness-spring] [restartedMain] com.zaxxer.hikari.HikariDataSource       : HikariPool-1 - Starting...
2024-09-05T08:37:54.769+02:00  INFO 9260 --- [fitness-spring] [restartedMain] com.zaxxer.hikari.pool.HikariPool        : HikariPool-1 - Added connection com.mysql.cj.jdbc.ConnectionImpl@14cfedf1
2024-09-05T08:37:54.772+02:00  INFO 9260 --- [fitness-spring] [restartedMain] com.zaxxer.hikari.HikariDataSource       : HikariPool-1 - Start completed.
2024-09-05T08:37:54.835+02:00  INFO 9260 --- [fitness-spring] [restartedMain] o.hibernate.jpa.internal.util.LogHelper  : HHH000204: Processing PersistenceUnitInfo [name: default]
2024-09-05T08:37:54.933+02:00  INFO 9260 --- [fitness-spring] [restartedMain] org.hibernate.Version                    : HHH000412: Hibernate ORM core version 6.4.4.Final
2024-09-05T08:37:54.983+02:00  INFO 9260 --- [fitness-spring] [restartedMain] o.h.c.internal.RegionFactoryInitiator    : HHH000026: Second-level cache disabled
2024-09-05T08:37:55.465+02:00  INFO 9260 --- [fitness-spring] [restartedMain] o.s.o.j.p.SpringPersistenceUnitInfo      : No LoadTimeWeaver setup: ignoring JPA class transformer
2024-09-05T08:37:57.411+02:00  WARN 9260 --- [fitness-spring] [restartedMain] o.h.metamodel.internal.MetadataContext   : HHH015011: Unable to locate static metamodel field : com.example.fitnessspring.models.entities.FitnessProgramEntity_#category; this may or may not indicate a problem with the static metamodel
2024-09-05T08:37:57.411+02:00  WARN 9260 --- [fitness-spring] [restartedMain] o.h.metamodel.internal.MetadataContext   : HHH015011: Unable to locate static metamodel field : com.example.fitnessspring.models.entities.FitnessProgramEntity_#contact; this may or may not indicate a problem with the static metamodel
2024-09-05T08:37:57.411+02:00  WARN 9260 --- [fitness-spring] [restartedMain] o.h.metamodel.internal.MetadataContext   : HHH015011: Unable to locate static metamodel field : com.example.fitnessspring.models.entities.FitnessProgramEntity_#difficultyLevel; this may or may not indicate a problem with the static metamodel
2024-09-05T08:37:57.411+02:00  WARN 9260 --- [fitness-spring] [restartedMain] o.h.metamodel.internal.MetadataContext   : HHH015011: Unable to locate static metamodel field : com.example.fitnessspring.models.entities.FitnessProgramEntity_#location; this may or may not indicate a problem with the static metamodel
2024-09-05T08:37:57.412+02:00  WARN 9260 --- [fitness-spring] [restartedMain] o.h.metamodel.internal.MetadataContext   : HHH015011: Unable to locate static metamodel field : com.example.fitnessspring.models.entities.FitnessProgramEntity_#youtubeLink; this may or may not indicate a problem with the static metamodel
2024-09-05T08:37:57.412+02:00  WARN 9260 --- [fitness-spring] [restartedMain] o.h.metamodel.internal.MetadataContext   : HHH015011: Unable to locate static metamodel field : com.example.fitnessspring.models.entities.FitnessProgramEntity_#images; this may or may not indicate a problem with the static metamodel
2024-09-05T08:37:57.412+02:00  WARN 9260 --- [fitness-spring] [restartedMain] o.h.metamodel.internal.MetadataContext   : HHH015011: Unable to locate static metamodel field : com.example.fitnessspring.models.entities.FitnessProgramEntity_#participations; this may or may not indicate a problem with the static metamodel
2024-09-05T08:37:57.412+02:00  WARN 9260 --- [fitness-spring] [restartedMain] o.h.metamodel.internal.MetadataContext   : HHH015011: Unable to locate static metamodel field : com.example.fitnessspring.models.entities.FitnessProgramEntity_#comments; this may or may not indicate a problem with the static metamodel
2024-09-05T08:37:57.412+02:00  WARN 9260 --- [fitness-spring] [restartedMain] o.h.metamodel.internal.MetadataContext   : HHH015011: Unable to locate static metamodel field : com.example.fitnessspring.models.entities.FitnessProgramEntity_#attributes; this may or may not indicate a problem with the static metamodel
2024-09-05T08:37:57.416+02:00  WARN 9260 --- [fitness-spring] [restartedMain] o.h.metamodel.internal.MetadataContext   : HHH015011: Unable to locate static metamodel field : com.example.fitnessspring.models.entities.UserEntity_#activationCode; this may or may not indicate a problem with the static metamodel
2024-09-05T08:37:57.416+02:00  WARN 9260 --- [fitness-spring] [restartedMain] o.h.metamodel.internal.MetadataContext   : HHH015011: Unable to locate static metamodel field : com.example.fitnessspring.models.entities.UserEntity_#avatar; this may or may not indicate a problem with the static metamodel
2024-09-05T08:37:57.416+02:00  WARN 9260 --- [fitness-spring] [restartedMain] o.h.metamodel.internal.MetadataContext   : HHH015011: Unable to locate static metamodel field : com.example.fitnessspring.models.entities.UserEntity_#city; this may or may not indicate a problem with the static metamodel
2024-09-05T08:37:57.417+02:00  WARN 9260 --- [fitness-spring] [restartedMain] o.h.metamodel.internal.MetadataContext   : HHH015011: Unable to locate static metamodel field : com.example.fitnessspring.models.entities.UserEntity_#firstName; this may or may not indicate a problem with the static metamodel
2024-09-05T08:37:57.417+02:00  WARN 9260 --- [fitness-spring] [restartedMain] o.h.metamodel.internal.MetadataContext   : HHH015011: Unable to locate static metamodel field : com.example.fitnessspring.models.entities.UserEntity_#isActive; this may or may not indicate a problem with the static metamodel
2024-09-05T08:37:57.417+02:00  WARN 9260 --- [fitness-spring] [restartedMain] o.h.metamodel.internal.MetadataContext   : HHH015011: Unable to locate static metamodel field : com.example.fitnessspring.models.entities.UserEntity_#lastName; this may or may not indicate a problem with the static metamodel
2024-09-05T08:37:57.418+02:00  WARN 9260 --- [fitness-spring] [restartedMain] o.h.metamodel.internal.MetadataContext   : HHH015011: Unable to locate static metamodel field : com.example.fitnessspring.models.entities.UserEntity_#password; this may or may not indicate a problem with the static metamodel
2024-09-05T08:37:57.418+02:00  WARN 9260 --- [fitness-spring] [restartedMain] o.h.metamodel.internal.MetadataContext   : HHH015011: Unable to locate static metamodel field : com.example.fitnessspring.models.entities.UserEntity_#participations; this may or may not indicate a problem with the static metamodel
2024-09-05T08:37:57.418+02:00  WARN 9260 --- [fitness-spring] [restartedMain] o.h.metamodel.internal.MetadataContext   : HHH015011: Unable to locate static metamodel field : com.example.fitnessspring.models.entities.UserEntity_#comments; this may or may not indicate a problem with the static metamodel
2024-09-05T08:37:57.418+02:00  WARN 9260 --- [fitness-spring] [restartedMain] o.h.metamodel.internal.MetadataContext   : HHH015011: Unable to locate static metamodel field : com.example.fitnessspring.models.entities.UserEntity_#fitnessprograms; this may or may not indicate a problem with the static metamodel
2024-09-05T08:37:57.418+02:00  WARN 9260 --- [fitness-spring] [restartedMain] o.h.metamodel.internal.MetadataContext   : HHH015011: Unable to locate static metamodel field : com.example.fitnessspring.models.entities.UserEntity_#recievedMessages; this may or may not indicate a problem with the static metamodel
2024-09-05T08:37:57.418+02:00  WARN 9260 --- [fitness-spring] [restartedMain] o.h.metamodel.internal.MetadataContext   : HHH015011: Unable to locate static metamodel field : com.example.fitnessspring.models.entities.UserEntity_#messagetoadvisors; this may or may not indicate a problem with the static metamodel
2024-09-05T08:37:57.418+02:00  WARN 9260 --- [fitness-spring] [restartedMain] o.h.metamodel.internal.MetadataContext   : HHH015011: Unable to locate static metamodel field : com.example.fitnessspring.models.entities.UserEntity_#sentMessages; this may or may not indicate a problem with the static metamodel
2024-09-05T08:37:57.418+02:00  WARN 9260 --- [fitness-spring] [restartedMain] o.h.metamodel.internal.MetadataContext   : HHH015011: Unable to locate static metamodel field : com.example.fitnessspring.models.entities.UserEntity_#activitylogs; this may or may not indicate a problem with the static metamodel
2024-09-05T08:37:57.425+02:00  INFO 9260 --- [fitness-spring] [restartedMain] o.h.e.t.j.p.i.JtaPlatformInitiator       : HHH000489: No JTA platform available (set 'hibernate.transaction.jta.platform' to enable JTA platform integration)
2024-09-05T08:37:57.433+02:00  INFO 9260 --- [fitness-spring] [restartedMain] j.LocalContainerEntityManagerFactoryBean : Initialized JPA EntityManagerFactory for persistence unit 'default'
2024-09-05T08:37:58.773+02:00  WARN 9260 --- [fitness-spring] [restartedMain] JpaBaseConfiguration$JpaWebConfiguration : spring.jpa.open-in-view is enabled by default. Therefore, database queries may be performed during view rendering. Explicitly configure spring.jpa.open-in-view to disable this warning
2024-09-05T08:37:59.865+02:00  INFO 9260 --- [fitness-spring] [restartedMain] o.s.b.d.a.OptionalLiveReloadServer       : LiveReload server is running on port 35729
2024-09-05T08:37:59.940+02:00  INFO 9260 --- [fitness-spring] [restartedMain] o.s.b.w.embedded.tomcat.TomcatWebServer  : Tomcat started on port 8080 (http) with context path ''
2024-09-05T08:37:59.950+02:00  INFO 9260 --- [fitness-spring] [restartedMain] c.e.f.FitnessSpringApplication           : Started FitnessSpringApplication in 12.424 seconds (process running for 13.946)
2024-09-05T08:47:01.145+02:00  INFO 9260 --- [fitness-spring] [http-nio-8080-exec-1] o.a.c.c.C.[Tomcat].[localhost].[/]       : Initializing Spring DispatcherServlet 'dispatcherServlet'
2024-09-05T08:47:01.145+02:00  INFO 9260 --- [fitness-spring] [http-nio-8080-exec-1] o.s.web.servlet.DispatcherServlet        : Initializing Servlet 'dispatcherServlet'
2024-09-05T08:47:01.145+02:00  INFO 9260 --- [fitness-spring] [http-nio-8080-exec-1] o.s.web.servlet.DispatcherServlet        : Completed initialization in 0 ms
2024-09-05T11:00:57.520+02:00  WARN 9260 --- [fitness-spring] [HikariPool-1 housekeeper] com.zaxxer.hikari.pool.HikariPool        : HikariPool-1 - Thread starvation or clock leap detected (housekeeper delta=51m31s132ms420µs900ns).
2024-09-05T11:30:07.647+02:00  WARN 9260 --- [fitness-spring] [HikariPool-1 housekeeper] com.zaxxer.hikari.pool.HikariPool        : HikariPool-1 - Thread starvation or clock leap detected (housekeeper delta=4m9s739ms115µs700ns).
2024-09-05T12:34:33.596+02:00  INFO 9260 --- [fitness-spring] [SpringApplicationShutdownHook] j.LocalContainerEntityManagerFactoryBean : Closing JPA EntityManagerFactory for persistence unit 'default'
2024-09-05T12:34:33.677+02:00  INFO 9260 --- [fitness-spring] [SpringApplicationShutdownHook] com.zaxxer.hikari.HikariDataSource       : HikariPool-1 - Shutdown initiated...
2024-09-05T12:34:33.706+02:00  INFO 9260 --- [fitness-spring] [SpringApplicationShutdownHook] com.zaxxer.hikari.HikariDataSource       : HikariPool-1 - Shutdown completed.
2024-09-05T12:34:41.330+02:00  INFO 21108 --- [fitness-spring] [restartedMain] c.e.f.FitnessSpringApplication           : Starting FitnessSpringApplication using Java 22.0.1 with PID 21108 (C:\Users\andjela.dragosavljev\Documents\GitHub\fitness-spring\target\classes started by andjela.dragosavljev in C:\Users\andjela.dragosavljev\Documents\GitHub\fitness-spring)
2024-09-05T12:34:41.331+02:00 DEBUG 21108 --- [fitness-spring] [restartedMain] c.e.f.FitnessSpringApplication           : Running with Spring Boot v3.2.3, Spring v6.1.4
2024-09-05T12:34:41.332+02:00  INFO 21108 --- [fitness-spring] [restartedMain] c.e.f.FitnessSpringApplication           : No active profile set, falling back to 1 default profile: "default"
2024-09-05T12:34:41.372+02:00  INFO 21108 --- [fitness-spring] [restartedMain] .e.DevToolsPropertyDefaultsPostProcessor : Devtools property defaults active! Set 'spring.devtools.add-properties' to 'false' to disable
2024-09-05T12:34:41.372+02:00  INFO 21108 --- [fitness-spring] [restartedMain] .e.DevToolsPropertyDefaultsPostProcessor : For additional web related logging consider setting the 'logging.level.web' property to 'DEBUG'
2024-09-05T12:34:42.066+02:00  INFO 21108 --- [fitness-spring] [restartedMain] .s.d.r.c.RepositoryConfigurationDelegate : Bootstrapping Spring Data JPA repositories in DEFAULT mode.
2024-09-05T12:34:42.238+02:00  INFO 21108 --- [fitness-spring] [restartedMain] .s.d.r.c.RepositoryConfigurationDelegate : Finished Spring Data repository scanning in 167 ms. Found 9 JPA repository interfaces.
2024-09-05T12:34:42.798+02:00  INFO 21108 --- [fitness-spring] [restartedMain] o.s.b.w.embedded.tomcat.TomcatWebServer  : Tomcat initialized with port 8080 (http)
2024-09-05T12:34:42.811+02:00  INFO 21108 --- [fitness-spring] [restartedMain] o.apache.catalina.core.StandardService   : Starting service [Tomcat]
2024-09-05T12:34:42.811+02:00  INFO 21108 --- [fitness-spring] [restartedMain] o.apache.catalina.core.StandardEngine    : Starting Servlet engine: [Apache Tomcat/10.1.19]
2024-09-05T12:34:42.860+02:00  INFO 21108 --- [fitness-spring] [restartedMain] o.a.c.c.C.[Tomcat].[localhost].[/]       : Initializing Spring embedded WebApplicationContext
2024-09-05T12:34:42.860+02:00  INFO 21108 --- [fitness-spring] [restartedMain] w.s.c.ServletWebServerApplicationContext : Root WebApplicationContext: initialization completed in 1487 ms
2024-09-05T12:34:42.976+02:00  INFO 21108 --- [fitness-spring] [restartedMain] com.zaxxer.hikari.HikariDataSource       : HikariPool-1 - Starting...
2024-09-05T12:34:43.344+02:00  INFO 21108 --- [fitness-spring] [restartedMain] com.zaxxer.hikari.pool.HikariPool        : HikariPool-1 - Added connection com.mysql.cj.jdbc.ConnectionImpl@486dcee5
2024-09-05T12:34:43.345+02:00  INFO 21108 --- [fitness-spring] [restartedMain] com.zaxxer.hikari.HikariDataSource       : HikariPool-1 - Start completed.
2024-09-05T12:34:43.390+02:00  INFO 21108 --- [fitness-spring] [restartedMain] o.hibernate.jpa.internal.util.LogHelper  : HHH000204: Processing PersistenceUnitInfo [name: default]
2024-09-05T12:34:43.450+02:00  INFO 21108 --- [fitness-spring] [restartedMain] org.hibernate.Version                    : HHH000412: Hibernate ORM core version 6.4.4.Final
2024-09-05T12:34:43.484+02:00  INFO 21108 --- [fitness-spring] [restartedMain] o.h.c.internal.RegionFactoryInitiator    : HHH000026: Second-level cache disabled
2024-09-05T12:34:43.735+02:00  INFO 21108 --- [fitness-spring] [restartedMain] o.s.o.j.p.SpringPersistenceUnitInfo      : No LoadTimeWeaver setup: ignoring JPA class transformer
2024-09-05T12:34:45.666+02:00  WARN 21108 --- [fitness-spring] [restartedMain] o.h.metamodel.internal.MetadataContext   : HHH015011: Unable to locate static metamodel field : com.example.fitnessspring.models.entities.FitnessProgramEntity_#category; this may or may not indicate a problem with the static metamodel
2024-09-05T12:34:45.666+02:00  WARN 21108 --- [fitness-spring] [restartedMain] o.h.metamodel.internal.MetadataContext   : HHH015011: Unable to locate static metamodel field : com.example.fitnessspring.models.entities.FitnessProgramEntity_#contact; this may or may not indicate a problem with the static metamodel
2024-09-05T12:34:45.666+02:00  WARN 21108 --- [fitness-spring] [restartedMain] o.h.metamodel.internal.MetadataContext   : HHH015011: Unable to locate static metamodel field : com.example.fitnessspring.models.entities.FitnessProgramEntity_#difficultyLevel; this may or may not indicate a problem with the static metamodel
2024-09-05T12:34:45.666+02:00  WARN 21108 --- [fitness-spring] [restartedMain] o.h.metamodel.internal.MetadataContext   : HHH015011: Unable to locate static metamodel field : com.example.fitnessspring.models.entities.FitnessProgramEntity_#location; this may or may not indicate a problem with the static metamodel
2024-09-05T12:34:45.666+02:00  WARN 21108 --- [fitness-spring] [restartedMain] o.h.metamodel.internal.MetadataContext   : HHH015011: Unable to locate static metamodel field : com.example.fitnessspring.models.entities.FitnessProgramEntity_#youtubeLink; this may or may not indicate a problem with the static metamodel
2024-09-05T12:34:45.666+02:00  WARN 21108 --- [fitness-spring] [restartedMain] o.h.metamodel.internal.MetadataContext   : HHH015011: Unable to locate static metamodel field : com.example.fitnessspring.models.entities.FitnessProgramEntity_#images; this may or may not indicate a problem with the static metamodel
2024-09-05T12:34:45.667+02:00  WARN 21108 --- [fitness-spring] [restartedMain] o.h.metamodel.internal.MetadataContext   : HHH015011: Unable to locate static metamodel field : com.example.fitnessspring.models.entities.FitnessProgramEntity_#participations; this may or may not indicate a problem with the static metamodel
2024-09-05T12:34:45.667+02:00  WARN 21108 --- [fitness-spring] [restartedMain] o.h.metamodel.internal.MetadataContext   : HHH015011: Unable to locate static metamodel field : com.example.fitnessspring.models.entities.FitnessProgramEntity_#comments; this may or may not indicate a problem with the static metamodel
2024-09-05T12:34:45.667+02:00  WARN 21108 --- [fitness-spring] [restartedMain] o.h.metamodel.internal.MetadataContext   : HHH015011: Unable to locate static metamodel field : com.example.fitnessspring.models.entities.FitnessProgramEntity_#attributes; this may or may not indicate a problem with the static metamodel
2024-09-05T12:34:45.669+02:00  WARN 21108 --- [fitness-spring] [restartedMain] o.h.metamodel.internal.MetadataContext   : HHH015011: Unable to locate static metamodel field : com.example.fitnessspring.models.entities.UserEntity_#activationCode; this may or may not indicate a problem with the static metamodel
2024-09-05T12:34:45.669+02:00  WARN 21108 --- [fitness-spring] [restartedMain] o.h.metamodel.internal.MetadataContext   : HHH015011: Unable to locate static metamodel field : com.example.fitnessspring.models.entities.UserEntity_#avatar; this may or may not indicate a problem with the static metamodel
2024-09-05T12:34:45.669+02:00  WARN 21108 --- [fitness-spring] [restartedMain] o.h.metamodel.internal.MetadataContext   : HHH015011: Unable to locate static metamodel field : com.example.fitnessspring.models.entities.UserEntity_#city; this may or may not indicate a problem with the static metamodel
2024-09-05T12:34:45.670+02:00  WARN 21108 --- [fitness-spring] [restartedMain] o.h.metamodel.internal.MetadataContext   : HHH015011: Unable to locate static metamodel field : com.example.fitnessspring.models.entities.UserEntity_#firstName; this may or may not indicate a problem with the static metamodel
2024-09-05T12:34:45.670+02:00  WARN 21108 --- [fitness-spring] [restartedMain] o.h.metamodel.internal.MetadataContext   : HHH015011: Unable to locate static metamodel field : com.example.fitnessspring.models.entities.UserEntity_#isActive; this may or may not indicate a problem with the static metamodel
2024-09-05T12:34:45.670+02:00  WARN 21108 --- [fitness-spring] [restartedMain] o.h.metamodel.internal.MetadataContext   : HHH015011: Unable to locate static metamodel field : com.example.fitnessspring.models.entities.UserEntity_#lastName; this may or may not indicate a problem with the static metamodel
2024-09-05T12:34:45.670+02:00  WARN 21108 --- [fitness-spring] [restartedMain] o.h.metamodel.internal.MetadataContext   : HHH015011: Unable to locate static metamodel field : com.example.fitnessspring.models.entities.UserEntity_#password; this may or may not indicate a problem with the static metamodel
2024-09-05T12:34:45.671+02:00  WARN 21108 --- [fitness-spring] [restartedMain] o.h.metamodel.internal.MetadataContext   : HHH015011: Unable to locate static metamodel field : com.example.fitnessspring.models.entities.UserEntity_#participations; this may or may not indicate a problem with the static metamodel
2024-09-05T12:34:45.671+02:00  WARN 21108 --- [fitness-spring] [restartedMain] o.h.metamodel.internal.MetadataContext   : HHH015011: Unable to locate static metamodel field : com.example.fitnessspring.models.entities.UserEntity_#comments; this may or may not indicate a problem with the static metamodel
2024-09-05T12:34:45.671+02:00  WARN 21108 --- [fitness-spring] [restartedMain] o.h.metamodel.internal.MetadataContext   : HHH015011: Unable to locate static metamodel field : com.example.fitnessspring.models.entities.UserEntity_#fitnessprograms; this may or may not indicate a problem with the static metamodel
2024-09-05T12:34:45.671+02:00  WARN 21108 --- [fitness-spring] [restartedMain] o.h.metamodel.internal.MetadataContext   : HHH015011: Unable to locate static metamodel field : com.example.fitnessspring.models.entities.UserEntity_#recievedMessages; this may or may not indicate a problem with the static metamodel
2024-09-05T12:34:45.671+02:00  WARN 21108 --- [fitness-spring] [restartedMain] o.h.metamodel.internal.MetadataContext   : HHH015011: Unable to locate static metamodel field : com.example.fitnessspring.models.entities.UserEntity_#messagetoadvisors; this may or may not indicate a problem with the static metamodel
2024-09-05T12:34:45.671+02:00  WARN 21108 --- [fitness-spring] [restartedMain] o.h.metamodel.internal.MetadataContext   : HHH015011: Unable to locate static metamodel field : com.example.fitnessspring.models.entities.UserEntity_#sentMessages; this may or may not indicate a problem with the static metamodel
2024-09-05T12:34:45.671+02:00  WARN 21108 --- [fitness-spring] [restartedMain] o.h.metamodel.internal.MetadataContext   : HHH015011: Unable to locate static metamodel field : com.example.fitnessspring.models.entities.UserEntity_#activitylogs; this may or may not indicate a problem with the static metamodel
2024-09-05T12:34:45.675+02:00  INFO 21108 --- [fitness-spring] [restartedMain] o.h.e.t.j.p.i.JtaPlatformInitiator       : HHH000489: No JTA platform available (set 'hibernate.transaction.jta.platform' to enable JTA platform integration)
2024-09-05T12:34:45.677+02:00  INFO 21108 --- [fitness-spring] [restartedMain] j.LocalContainerEntityManagerFactoryBean : Initialized JPA EntityManagerFactory for persistence unit 'default'
2024-09-05T12:34:46.356+02:00  WARN 21108 --- [fitness-spring] [restartedMain] JpaBaseConfiguration$JpaWebConfiguration : spring.jpa.open-in-view is enabled by default. Therefore, database queries may be performed during view rendering. Explicitly configure spring.jpa.open-in-view to disable this warning
2024-09-05T12:34:46.722+02:00  INFO 21108 --- [fitness-spring] [restartedMain] o.s.b.d.a.OptionalLiveReloadServer       : LiveReload server is running on port 35729
2024-09-05T12:34:46.754+02:00  INFO 21108 --- [fitness-spring] [restartedMain] o.s.b.w.embedded.tomcat.TomcatWebServer  : Tomcat started on port 8080 (http) with context path ''
2024-09-05T12:34:46.760+02:00  INFO 21108 --- [fitness-spring] [restartedMain] c.e.f.FitnessSpringApplication           : Started FitnessSpringApplication in 5.819 seconds (process running for 6.694)
